<?xml version="1.0" encoding="UTF-8"?>
<!-- Generated by org.testng.reporters.JUnitXMLReporter -->
<testsuite hostname="PKLTP014" name="Test8" tests="9" failures="0" timestamp="7 Mar 2016 12:47:11 GMT" time="1.068" errors="0">
  <testcase name="@BeforeTest beforeTest" time="0.0" classname="defaultpackage.FamilyAssertions">
    <failure type="org.openqa.selenium.remote.UnreachableBrowserException" message="Error communicating with the remote browser. It may have died.
Build info: version: &amp;apos;2.47.1&amp;apos;, revision: &amp;apos;411b314&amp;apos;, time: &amp;apos;2015-07-30 02:56:46&amp;apos;
System info: host: &amp;apos;PKLTP014&amp;apos;, ip: &amp;apos;10.4.1.180&amp;apos;, os.name: &amp;apos;Windows 7&amp;apos;, os.arch: &amp;apos;amd64&amp;apos;, os.version: &amp;apos;6.1&amp;apos;, java.version: &amp;apos;1.7.0_21&amp;apos;
Driver info: driver.version: RemoteWebDriver">
      <![CDATA[org.openqa.selenium.remote.UnreachableBrowserException: Error communicating with the remote browser. It may have died.
Build info: version: '2.47.1', revision: '411b314', time: '2015-07-30 02:56:46'
System info: host: 'PKLTP014', ip: '10.4.1.180', os.name: 'Windows 7', os.arch: 'amd64', os.version: '6.1', java.version: '1.7.0_21'
Driver info: driver.version: RemoteWebDriver
	at org.openqa.selenium.remote.RemoteWebDriver.execute(RemoteWebDriver.java:589)
	at org.openqa.selenium.remote.RemoteWebDriver.get(RemoteWebDriver.java:306)
	at defaultpackage.FamilyAssertions.beforeTest(FamilyAssertions.java:21)
Caused by: org.apache.http.conn.HttpHostConnectException: Connect to 127.0.0.1:7055 [/127.0.0.1] failed: Connection refused: connect
	at org.apache.http.impl.conn.DefaultHttpClientConnectionOperator.connect(DefaultHttpClientConnectionOperator.java:151)
	at org.apache.http.impl.conn.PoolingHttpClientConnectionManager.connect(PoolingHttpClientConnectionManager.java:353)
	at org.apache.http.impl.execchain.MainClientExec.establishRoute(MainClientExec.java:380)
	at org.apache.http.impl.execchain.MainClientExec.execute(MainClientExec.java:236)
	at org.apache.http.impl.execchain.ProtocolExec.execute(ProtocolExec.java:184)
	at org.apache.http.impl.execchain.RetryExec.execute(RetryExec.java:88)
	at org.apache.http.impl.execchain.RedirectExec.execute(RedirectExec.java:110)
	at org.apache.http.impl.client.InternalHttpClient.doExecute(InternalHttpClient.java:184)
	at org.apache.http.impl.client.CloseableHttpClient.execute(CloseableHttpClient.java:71)
	at org.apache.http.impl.client.CloseableHttpClient.execute(CloseableHttpClient.java:55)
	at org.openqa.selenium.remote.internal.ApacheHttpClient.fallBackExecute(ApacheHttpClient.java:143)
	at org.openqa.selenium.remote.internal.ApacheHttpClient.execute(ApacheHttpClient.java:89)
	at org.openqa.selenium.remote.HttpCommandExecutor.execute(HttpCommandExecutor.java:134)
	at org.openqa.selenium.firefox.internal.NewProfileExtensionConnection.execute(NewProfileExtensionConnection.java:170)
	at org.openqa.selenium.firefox.FirefoxDriver$LazyCommandExecutor.execute(FirefoxDriver.java:393)
	at org.openqa.selenium.remote.RemoteWebDriver.execute(RemoteWebDriver.java:568)
	... 24 more
Caused by: java.net.ConnectException: Connection refused: connect
	at java.net.DualStackPlainSocketImpl.waitForConnect(Native Method)
	at java.net.DualStackPlainSocketImpl.socketConnect(Unknown Source)
	at java.net.AbstractPlainSocketImpl.doConnect(Unknown Source)
	at java.net.AbstractPlainSocketImpl.connectToAddress(Unknown Source)
	at java.net.AbstractPlainSocketImpl.connect(Unknown Source)
	at java.net.PlainSocketImpl.connect(Unknown Source)
	at java.net.SocksSocketImpl.connect(Unknown Source)
	at java.net.Socket.connect(Unknown Source)
	at org.apache.http.conn.socket.PlainConnectionSocketFactory.connectSocket(PlainConnectionSocketFactory.java:74)
	at org.apache.http.impl.conn.DefaultHttpClientConnectionOperator.connect(DefaultHttpClientConnectionOperator.java:134)
	... 39 more
... Removed 22 stack frames]]>
    </failure>
  </testcase> <!-- @BeforeTest beforeTest -->
  <testcase name="@AfterTest afterTest" time="0.0" classname="defaultpackage.FamilyAssertions">
    <skipped/>
  </testcase> <!-- @AfterTest afterTest -->
  <testcase name="f" time="0.0" classname="defaultpackage.FamilyAssertions">
    <skipped/>
  </testcase> <!-- f -->
  <testcase name="family" time="0.0" classname="defaultpackage.FamilyAssertions">
    <skipped/>
  </testcase> <!-- family -->
  <testcase name="MembershipData" time="0.0" classname="defaultpackage.FamilyAssertions">
    <skipped/>
  </testcase> <!-- MembershipData -->
  <testcase name="familymembersassertion" time="0.016" classname="defaultpackage.FamilyAssertions">
    <skipped/>
  </testcase> <!-- familymembersassertion -->
  <testcase name="familymembersagecheck" time="0.0" classname="defaultpackage.FamilyAssertions">
    <skipped/>
  </testcase> <!-- familymembersagecheck -->
  <testcase name="DuplicateFamilyMembers" time="0.0" classname="defaultpackage.FamilyAssertions">
    <skipped/>
  </testcase> <!-- DuplicateFamilyMembers -->
  <testcase name="EmailUniquenessCheck" time="0.0" classname="defaultpackage.FamilyAssertions">
    <skipped/>
  </testcase> <!-- EmailUniquenessCheck -->
  <testcase name="EditFamilyMembers" time="0.0" classname="defaultpackage.FamilyAssertions">
    <skipped/>
  </testcase> <!-- EditFamilyMembers -->
  <testcase name="Removefamilymembers" time="0.0" classname="defaultpackage.FamilyAssertions">
    <skipped/>
  </testcase> <!-- Removefamilymembers -->
</testsuite> <!-- Test8 -->
